MyMap/app/build/intermediates/manifest_merge_blame_file/debug/manifest-merger-blame-debug-report.txt
1<?xml version="1.0" encoding="utf-8"?>
2<manifest xmlns:android="http://schemas.android.com/apk/res/android"
3    package="com.example.mymap"
4    android:versionCode="1"
5    android:versionName="1.0" >
6
7    <uses-sdk
8        android:minSdkVersion="27"
9        android:targetSdkVersion="34" />
10
11    <uses-permission android:name="android.permission.INTERNET" />
11-->src\main\AndroidManifest.xml:5:5-67
11-->src\main\AndroidManifest.xml:5:22-64
12
13    <!-- Include required permissions for Google Maps API to run. -->
14    <uses-permission android:name="android.permission.ACCESS_NETWORK_STATE" />
14-->[com.google.android.gms:play-services-maps:18.1.0] AndroidManifest.xml:23:5-79
14-->[com.google.android.gms:play-services-maps:18.1.0] AndroidManifest.xml:23:22-76
15
16    <uses-feature
16-->[com.google.android.gms:play-services-maps:18.1.0] AndroidManifest.xml:26:5-28:35
17        android:glEsVersion="0x00020000"
17-->[com.google.android.gms:play-services-maps:18.1.0] AndroidManifest.xml:27:9-41
18        android:required="true" />
18-->[com.google.android.gms:play-services-maps:18.1.0] AndroidManifest.xml:28:9-32
19
20    <queries>
20-->[com.google.android.gms:play-services-maps:18.1.0] AndroidManifest.xml:30:5-34:15
21
22        <!-- Needs to be explicitly declared on Android R+ -->
23        <package android:name="com.google.android.apps.maps" />
23-->[com.google.android.gms:play-services-maps:18.1.0] AndroidManifest.xml:33:9-64
23-->[com.google.android.gms:play-services-maps:18.1.0] AndroidManifest.xml:33:18-61
24    </queries>
25
26    <permission
26-->[androidx.core:core:1.9.0] AndroidManifest.xml:22:5-24:47
27        android:name="com.example.mymap.DYNAMIC_RECEIVER_NOT_EXPORTED_PERMISSION"
27-->[androidx.core:core:1.9.0] AndroidManifest.xml:23:9-81
28        android:protectionLevel="signature" />
28-->[androidx.core:core:1.9.0] AndroidManifest.xml:24:9-44
29
30    <uses-permission android:name="com.example.mymap.DYNAMIC_RECEIVER_NOT_EXPORTED_PERMISSION" />
30-->[androidx.core:core:1.9.0] AndroidManifest.xml:26:5-97
30-->[androidx.core:core:1.9.0] AndroidManifest.xml:26:22-94
31
32    <application
32-->src\main\AndroidManifest.xml:7:5-51:19
33        android:allowBackup="true"
33-->src\main\AndroidManifest.xml:8:9-35
34        android:appComponentFactory="androidx.core.app.CoreComponentFactory"
34-->[androidx.core:core:1.9.0] AndroidManifest.xml:28:18-86
35        android:dataExtractionRules="@xml/data_extraction_rules"
35-->src\main\AndroidManifest.xml:9:9-65
36        android:debuggable="true"
37        android:extractNativeLibs="false"
38        android:fullBackupContent="@xml/backup_rules"
38-->src\main\AndroidManifest.xml:10:9-54
39        android:icon="@mipmap/ic_launcher"
39-->src\main\AndroidManifest.xml:11:9-43
40        android:label="@string/app_name"
40-->src\main\AndroidManifest.xml:12:9-41
41        android:roundIcon="@mipmap/ic_launcher_round"
41-->src\main\AndroidManifest.xml:13:9-54
42        android:supportsRtl="true"
42-->src\main\AndroidManifest.xml:14:9-35
43        android:testOnly="true"
44        android:theme="@style/AppTheme"
44-->src\main\AndroidManifest.xml:15:9-40
45        android:usesCleartextTraffic="true" >
45-->src\main\AndroidManifest.xml:16:9-44
46
47        <!--
48             TODO: Before you run your application, you need a Google Maps API key.
49
50             To get one, follow the directions here:
51
52                https://developers.google.com/maps/documentation/android-sdk/get-api-key
53
54             Once you have your API key (it starts with "AIza"), define a new property in your
55             project's local.properties file (e.g. MAPS_API_KEY=Aiza...), and replace the
56             "YOUR_API_KEY" string in this file with "${MAPS_API_KEY}".
57        -->
58        <meta-data
59            android:name="com.google.android.geo.API_KEY"
59-->src\main\AndroidManifest.xml:31:13-58
60            android:value="AIzaSyBvM3MUSuzyDXtOWPv7OBVQ0wL9kePJ_GU" />
60-->src\main\AndroidManifest.xml:32:13-44
61
62        <activity
62-->src\main\AndroidManifest.xml:34:9-37:65
63            android:name="com.example.mymap.activities.CreateMapActivity"
63-->src\main\AndroidManifest.xml:35:13-57
64            android:exported="false"
64-->src\main\AndroidManifest.xml:36:13-37
65            android:label="@string/title_activity_create_map" />
65-->src\main\AndroidManifest.xml:37:13-62
66        <activity
66-->src\main\AndroidManifest.xml:38:9-41:66
67            android:name="com.example.mymap.activities.DisplayMapActivity"
67-->src\main\AndroidManifest.xml:39:13-58
68            android:exported="false"
68-->src\main\AndroidManifest.xml:40:13-37
69            android:label="@string/title_activity_display_map" />
69-->src\main\AndroidManifest.xml:41:13-63
70        <activity
70-->src\main\AndroidManifest.xml:42:9-50:20
71            android:name="com.example.mymap.activities.MainActivity"
71-->src\main\AndroidManifest.xml:43:13-52
72            android:exported="true" >
72-->src\main\AndroidManifest.xml:44:13-36
73            <intent-filter>
73-->src\main\AndroidManifest.xml:45:13-49:29
74                <action android:name="android.intent.action.MAIN" />
74-->src\main\AndroidManifest.xml:46:17-69
74-->src\main\AndroidManifest.xml:46:25-66
75
76                <category android:name="android.intent.category.LAUNCHER" />
76-->src\main\AndroidManifest.xml:48:17-77
76-->src\main\AndroidManifest.xml:48:27-74
77            </intent-filter>
78        </activity>
79        <!-- Needs to be explicitly declared on P+ -->
80        <uses-library
80-->[com.google.android.gms:play-services-maps:18.1.0] AndroidManifest.xml:39:9-41:40
81            android:name="org.apache.http.legacy"
81-->[com.google.android.gms:play-services-maps:18.1.0] AndroidManifest.xml:40:13-50
82            android:required="false" />
82-->[com.google.android.gms:play-services-maps:18.1.0] AndroidManifest.xml:41:13-37
83
84        <activity
84-->[com.google.android.gms:play-services-base:18.0.1] AndroidManifest.xml:20:9-22:45
85            android:name="com.google.android.gms.common.api.GoogleApiActivity"
85-->[com.google.android.gms:play-services-base:18.0.1] AndroidManifest.xml:20:19-85
86            android:exported="false"
86-->[com.google.android.gms:play-services-base:18.0.1] AndroidManifest.xml:22:19-43
87            android:theme="@android:style/Theme.Translucent.NoTitleBar" />
87-->[com.google.android.gms:play-services-base:18.0.1] AndroidManifest.xml:21:19-78
88
89        <meta-data
89-->[com.google.android.gms:play-services-basement:18.0.0] AndroidManifest.xml:21:9-23:69
90            android:name="com.google.android.gms.version"
90-->[com.google.android.gms:play-services-basement:18.0.0] AndroidManifest.xml:22:13-58
91            android:value="@integer/google_play_services_version" />
91-->[com.google.android.gms:play-services-basement:18.0.0] AndroidManifest.xml:23:13-66
92
93        <provider
93-->[androidx.emoji2:emoji2:1.2.0] AndroidManifest.xml:24:9-32:20
94            android:name="androidx.startup.InitializationProvider"
94-->[androidx.emoji2:emoji2:1.2.0] AndroidManifest.xml:25:13-67
95            android:authorities="com.example.mymap.androidx-startup"
95-->[androidx.emoji2:emoji2:1.2.0] AndroidManifest.xml:26:13-68
96            android:exported="false" >
96-->[androidx.emoji2:emoji2:1.2.0] AndroidManifest.xml:27:13-37
97            <meta-data
97-->[androidx.emoji2:emoji2:1.2.0] AndroidManifest.xml:29:13-31:52
98                android:name="androidx.emoji2.text.EmojiCompatInitializer"
98-->[androidx.emoji2:emoji2:1.2.0] AndroidManifest.xml:30:17-75
99                android:value="androidx.startup" />
99-->[androidx.emoji2:emoji2:1.2.0] AndroidManifest.xml:31:17-49
100            <meta-data
100-->[androidx.lifecycle:lifecycle-process:2.6.1] AndroidManifest.xml:29:13-31:52
101                android:name="androidx.lifecycle.ProcessLifecycleInitializer"
101-->[androidx.lifecycle:lifecycle-process:2.6.1] AndroidManifest.xml:30:17-78
102                android:value="androidx.startup" />
102-->[androidx.lifecycle:lifecycle-process:2.6.1] AndroidManifest.xml:31:17-49
103            <meta-data
103-->[androidx.profileinstaller:profileinstaller:1.3.0] AndroidManifest.xml:29:13-31:52
104                android:name="androidx.profileinstaller.ProfileInstallerInitializer"
104-->[androidx.profileinstaller:profileinstaller:1.3.0] AndroidManifest.xml:30:17-85
105                android:value="androidx.startup" />
105-->[androidx.profileinstaller:profileinstaller:1.3.0] AndroidManifest.xml:31:17-49
106        </provider>
107
108        <receiver
108-->[androidx.profileinstaller:profileinstaller:1.3.0] AndroidManifest.xml:34:9-52:20
109            android:name="androidx.profileinstaller.ProfileInstallReceiver"
109-->[androidx.profileinstaller:profileinstaller:1.3.0] AndroidManifest.xml:35:13-76
110            android:directBootAware="false"
110-->[androidx.profileinstaller:profileinstaller:1.3.0] AndroidManifest.xml:36:13-44
111            android:enabled="true"
111-->[androidx.profileinstaller:profileinstaller:1.3.0] AndroidManifest.xml:37:13-35
112            android:exported="true"
112-->[androidx.profileinstaller:profileinstaller:1.3.0] AndroidManifest.xml:38:13-36
113            android:permission="android.permission.DUMP" >
113-->[androidx.profileinstaller:profileinstaller:1.3.0] AndroidManifest.xml:39:13-57
114            <intent-filter>
114-->[androidx.profileinstaller:profileinstaller:1.3.0] AndroidManifest.xml:40:13-42:29
115                <action android:name="androidx.profileinstaller.action.INSTALL_PROFILE" />
115-->[androidx.profileinstaller:profileinstaller:1.3.0] AndroidManifest.xml:41:17-91
115-->[androidx.profileinstaller:profileinstaller:1.3.0] AndroidManifest.xml:41:25-88
116            </intent-filter>
117            <intent-filter>
117-->[androidx.profileinstaller:profileinstaller:1.3.0] AndroidManifest.xml:43:13-45:29
118                <action android:name="androidx.profileinstaller.action.SKIP_FILE" />
118-->[androidx.profileinstaller:profileinstaller:1.3.0] AndroidManifest.xml:44:17-85
118-->[androidx.profileinstaller:profileinstaller:1.3.0] AndroidManifest.xml:44:25-82
119            </intent-filter>
120            <intent-filter>
120-->[androidx.profileinstaller:profileinstaller:1.3.0] AndroidManifest.xml:46:13-48:29
121                <action android:name="androidx.profileinstaller.action.SAVE_PROFILE" />
121-->[androidx.profileinstaller:profileinstaller:1.3.0] AndroidManifest.xml:47:17-88
121-->[androidx.profileinstaller:profileinstaller:1.3.0] AndroidManifest.xml:47:25-85
122            </intent-filter>
123            <intent-filter>
123-->[androidx.profileinstaller:profileinstaller:1.3.0] AndroidManifest.xml:49:13-51:29
124                <action android:name="androidx.profileinstaller.action.BENCHMARK_OPERATION" />
124-->[androidx.profileinstaller:profileinstaller:1.3.0] AndroidManifest.xml:50:17-95
124-->[androidx.profileinstaller:profileinstaller:1.3.0] AndroidManifest.xml:50:25-92
125            </intent-filter>
126        </receiver>
127    </application>
128
129</manifest>